<?xml version="1.0" encoding="UTF-8"?>
<testsuite xmlns:xsi="http://www.w3.org/2001/XMLSchema-instance" xsi:noNamespaceSchemaLocation="https://maven.apache.org/surefire/maven-surefire-plugin/xsd/surefire-test-report-3.0.xsd" version="3.0" name="com.example.portfolio.service.DailyReturnServiceTest" time="0.072" tests="3" errors="0" skipped="0" failures="0">
  <properties>
[...]
</properties>
  <testcase name="calculateSummary_reviewRequired_returnsReviewStatus" classname="com.example.portfolio.service.DailyReturnServiceTest" time="0.033">
    <system-out><![CDATA[***************REVIEW_REQUIRED***************
]]></system-out>
  </testcase>
  <testcase name="calculateSummary_invalidInput_returnsInvalidStatus" classname="com.example.portfolio.service.DailyReturnServiceTest" time="0.003">
    <system-out><![CDATA[***************INVALID_INPUT***************
]]></system-out>
  </testcase>
  <testcase name="calculateSummary_validInput_returnsValidSummary" classname="com.example.portfolio.service.DailyReturnServiceTest" time="0.004">
    <system-out><![CDATA[***************VALID***************
]]></system-out>
  </testcase>
</testsuite>